<?xml version="1.0" encoding="UTF-8"?>
<coverage generated="1707220961260" clover="3.2.0">
  <project timestamp="1707220961261" name="All files">
    <metrics statements="10" coveredstatements="9" conditionals="0" coveredconditionals="0" methods="5" coveredmethods="4" elements="15" coveredelements="13" complexity="0" loc="10" ncloc="10" packages="1" files="4" classes="4"/>
    <file name="isPalindrome.js" path="D:\DanAds\Jest Intro\isPalindrome.js">
      <metrics statements="3" coveredstatements="3" conditionals="0" coveredconditionals="0" methods="1" coveredmethods="1"/>
      <line num="1" count="1" type="stmt"/>
      <line num="5" count="2" type="stmt"/>
      <line num="10" count="1" type="stmt"/>
    </file>
    <file name="reverseString.js" path="D:\DanAds\Jest Intro\reverseString.js">
      <metrics statements="2" coveredstatements="2" conditionals="0" coveredconditionals="0" methods="1" coveredmethods="1"/>
      <line num="2" count="3" type="stmt"/>
      <line num="6" count="2" type="stmt"/>
    </file>
    <file name="shallowObjClone.js" path="D:\DanAds\Jest Intro\shallowObjClone.js">
      <metrics statements="2" coveredstatements="2" conditionals="0" coveredconditionals="0" methods="1" coveredmethods="1"/>
      <line num="2" count="1" type="stmt"/>
      <line num="5" count="1" type="stmt"/>
    </file>
    <file name="sum.js" path="D:\DanAds\Jest Intro\sum.js">
      <metrics statements="3" coveredstatements="2" conditionals="0" coveredconditionals="0" methods="2" coveredmethods="1"/>
      <line num="2" count="0" type="stmt"/>
      <line num="7" count="1" type="stmt"/>
      <line num="9" count="1" type="stmt"/>
    </file>
  </project>
</coverage>
